Content-Type: multipart/alternative;
 boundary="===============8387164371100331370=="
MIME-Version: 1.0
Subject: Profile activation
From: test@example.com
To: zeus@gmail.com
Date: Thu, 10 Jun 2021 16:52:04 -0000
Message-ID: 
 <162334392483.34519.7368421910956909742@1.0.0.0.0.0.0.0.0.0.0.0.0.0.0.0.0.0.0.0.0.0.0.0.0.0.0.0.0.0.0.0.ip6.arpa>

--===============8387164371100331370==
Content-Type: text/plain; charset="utf-8"
MIME-Version: 1.0
Content-Transfer-Encoding: 7bit



To activate your profile, please follow this link:

http://localhost:8000/accounts/activate/S3CfKgTLN6HhN59YEzr0/

--===============8387164371100331370==
Content-Type: text/html; charset="utf-8"
MIME-Version: 1.0
Content-Transfer-Encoding: 7bit



<!DOCTYPE html PUBLIC "-//W3C//DTD XHTML 1.0 Transitional//EN"
        "http://www.w3.org/TR/xhtml1/DTD/xhtml1-transitional.dtd">
<html xmlns="http://www.w3.org/1999/xhtml">
<head>
    <meta http-equiv="Content-Type" content="text/html; charset=UTF-8"/>
    <title>Profile activation</title>
    <meta name="viewport" content="width=device-width, initial-scale=1.0"/>
</head>

<body>

<p>
    To activate your profile, please follow this link:
</p>

<p>
    <a href="http://localhost:8000/accounts/activate/S3CfKgTLN6HhN59YEzr0/">http://localhost:8000/accounts/activate/S3CfKgTLN6HhN59YEzr0/</a>
</p>

</body>

</html>

--===============8387164371100331370==--

-------------------------------------------------------------------------------
